=== Mantrax Engine Log ===
Fecha: Wed Nov 26 22:19:56 2025
============================

=== Mantrax Engine - Offscreen Rendering to ImGui ===

Creando ventana...
Ventana creada

Inicializando GFX...
GFX inicializado

Inicializando ImGui...
ImGui inicializado

Creando offscreen framebuffer...
Offscreen framebuffer creado

Creando shaders...
Shaders creados

Configurando shaders para offscreen rendering...
Shaders configurados

Generando terreno Minecraft...
Terreno generado en 30ms
  - Vertices: 134008
  - Indices: 201012
  - Triangulos: 67004
Configurando camara FPS...
Camara FPS configurada

=== CONTROLES ===
  - Click Izquierdo: Capturar mouse
  - W/A/S/D: Movimiento
  - Espacio/Ctrl: Subir/Bajar
  - Shift: Sprint
  - ESC: Liberar mouse
  - R: Regenerar terreno
  - O: Toggle Outline ON/OFF

Iniciando loop de renderizado...

Configurando Descriptor Pool para ImGui...
Descriptor Pool configurado

Frame 0
Updating UBO...
Rendering to offscreen...
Beginning ImGui frame...
Rendering ImGui...
Drawing frame...
Frame complete

Frame 1
Updating UBO...
Rendering to offscreen...
Beginning ImGui frame...
Rendering ImGui...
Drawing frame...
